05/04/2022 01:13:36 - INFO - __main__ - Distributed environment: MULTI_GPU  Backend: nccl
Num processes: 4
Process index: 0
Local process index: 0
Device: cuda:0
Mixed precision type: no

05/04/2022 01:14:02 - INFO - root - Reducer buckets have been rebuilt in this iteration.
he/huggingface/datasets/glue/sst2/1.0.0/dacbe3125aa31d7f70367a07a8a9e72a5a0bfeb5fc42e75c9db75b96da6053ad)
05/04/2022 01:14:01 - INFO - __main__ - Sample 36887 of the training set: {'input_ids': [101, 1012, 1012, 1012, 4895, 4783, 5400, 6321, 20342, 1012, 102], 'token_type_ids': [0, 0, 0, 0, 0, 0, 0, 0, 0, 0, 0], 'attention_mask': [1, 1, 1, 1, 1, 1, 1, 1, 1, 1, 1], 'labels': 0}.
05/04/2022 01:14:01 - INFO - __main__ - Sample 8331 of the training set: {'input_ids': [101, 1037, 6533, 1997, 7344, 3370, 102], 'token_type_ids': [0, 0, 0, 0, 0, 0, 0], 'attention_mask': [1, 1, 1, 1, 1, 1, 1], 'labels': 1}.
05/04/2022 01:14:01 - INFO - __main__ - Sample 34697 of the training set: {'input_ids': [101, 2196, 2272, 2039, 2007, 2019, 11706, 3114, 2339, 2057, 2323, 3477, 2769, 2005, 2054, 2057, 2064, 2131, 2006, 2547, 2005, 2489, 102], 'token_type_ids': [0, 0, 0, 0, 0, 0, 0, 0, 0, 0, 0, 0, 0, 0, 0, 0, 0, 0, 0, 0, 0, 0, 0], 'attention_mask': [1, 1, 1, 1, 1, 1, 1, 1, 1, 1, 1, 1, 1, 1, 1, 1, 1, 1, 1, 1, 1, 1, 1], 'labels': 0}.
05/04/2022 01:14:02 - INFO - __main__ - ***** Running training *****
05/04/2022 01:14:02 - INFO - __main__ -   Num examples = 67349
05/04/2022 01:14:02 - INFO - __main__ -   Num Epochs = 3
05/04/2022 01:14:02 - INFO - __main__ -   Instantaneous batch size per device = 8
05/04/2022 01:14:02 - INFO - __main__ -   Total train batch size (w. parallel, distributed & accumulation) = 32
05/04/2022 01:14:02 - INFO - __main__ -   Gradient Accumulation steps = 1
05/04/2022 01:14:02 - INFO - __main__ -   Total optimization steps = 6315
05/04/2022 01:14:02 - INFO - root - Reducer buckets have been rebuilt in this iteration.
05/04/2022 01:20:12 - INFO - __main__ - epoch 0: {'accuracy': 0.9274553571428571}
05/04/2022 01:26:24 - INFO - __main__ - epoch 1: {'accuracy': 0.9319196428571429}
05/04/2022 01:32:36 - INFO - __main__ - epoch 2: {'accuracy': 0.9274553571428571}
